0 info it worked if it ends with ok
1 verbose cli [ '/usr/local/Cellar/node/5.10.1/bin/node',
1 verbose cli   '/usr/local/bin/npm',
1 verbose cli   'publish' ]
2 info using npm@3.8.3
3 info using node@v5.10.1
4 verbose publish [ '.' ]
5 silly cache add args [ '.', null ]
6 verbose cache add spec .
7 silly cache add parsed spec Result {
7 silly cache add   raw: '.',
7 silly cache add   scope: null,
7 silly cache add   name: null,
7 silly cache add   rawSpec: '.',
7 silly cache add   spec: '/Users/develop03/Documents/RNProjects/TestProject/node_modules/react-native-BGNativeModuleExample',
7 silly cache add   type: 'directory' }
8 verbose addLocalDirectory /Users/develop03/.npm/react-native-bgnativemoduleexample/1.0.0/package.tgz not in flight; packing
9 verbose correctMkdir /Users/develop03/.npm correctMkdir not in flight; initializing
10 info lifecycle react-native-bgnativemoduleexample@1.0.0~prepublish: react-native-bgnativemoduleexample@1.0.0
11 silly lifecycle react-native-bgnativemoduleexample@1.0.0~prepublish: no script for prepublish, continuing
12 verbose tar pack [ '/Users/develop03/.npm/react-native-bgnativemoduleexample/1.0.0/package.tgz',
12 verbose tar pack   '/Users/develop03/Documents/RNProjects/TestProject/node_modules/react-native-BGNativeModuleExample' ]
13 verbose tarball /Users/develop03/.npm/react-native-bgnativemoduleexample/1.0.0/package.tgz
14 verbose folder /Users/develop03/Documents/RNProjects/TestProject/node_modules/react-native-BGNativeModuleExample
15 verbose addLocalTarball adding from inside cache /Users/develop03/.npm/react-native-bgnativemoduleexample/1.0.0/package.tgz
16 verbose correctMkdir /Users/develop03/.npm correctMkdir not in flight; initializing
17 silly cache afterAdd react-native-bgnativemoduleexample@1.0.0
18 verbose afterAdd /Users/develop03/.npm/react-native-bgnativemoduleexample/1.0.0/package/package.json not in flight; writing
19 verbose correctMkdir /Users/develop03/.npm correctMkdir not in flight; initializing
20 verbose afterAdd /Users/develop03/.npm/react-native-bgnativemoduleexample/1.0.0/package/package.json written
21 silly publish { name: 'react-native-bgnativemoduleexample',
21 silly publish   version: '1.0.0',
21 silly publish   description: 'Test RN node module , create first module ',
21 silly publish   main: 'index.js',
21 silly publish   scripts: { test: 'echo "Error: no test specified" && exit 1' },
21 silly publish   repository:
21 silly publish    { type: 'git',
21 silly publish      url: 'git+https://github.com/macxie/react-native-BGNativeModuleExample.git' },
21 silly publish   author: { name: 'macxie' },
21 silly publish   license: 'ISC',
21 silly publish   bugs: { url: 'https://github.com/macxie/react-native-BGNativeModuleExample/issues' },
21 silly publish   homepage: 'https://github.com/macxie/react-native-BGNativeModuleExample#readme',
21 silly publish   readme: 'ERROR: No README data found!',
21 silly publish   _id: 'react-native-bgnativemoduleexample@1.0.0',
21 silly publish   _shasum: '73ee3f9a528a369550331093c73860f32e4cdf1c',
21 silly publish   _from: '.' }
22 verbose getPublishConfig undefined
23 silly mapToRegistry name react-native-bgnativemoduleexample
24 silly mapToRegistry using default registry
25 silly mapToRegistry registry https://registry.npm.taobao.org/
26 silly mapToRegistry data Result {
26 silly mapToRegistry   raw: 'react-native-bgnativemoduleexample',
26 silly mapToRegistry   scope: null,
26 silly mapToRegistry   name: 'react-native-bgnativemoduleexample',
26 silly mapToRegistry   rawSpec: '',
26 silly mapToRegistry   spec: 'latest',
26 silly mapToRegistry   type: 'tag' }
27 silly mapToRegistry uri https://registry.npm.taobao.org/react-native-bgnativemoduleexample
28 verbose publish registryBase https://registry.npm.taobao.org/
29 silly publish uploading /Users/develop03/.npm/react-native-bgnativemoduleexample/1.0.0/package.tgz
30 verbose request uri https://registry.npm.taobao.org/react-native-bgnativemoduleexample
31 verbose request sending authorization for write operation
32 info attempt registry request try #1 at 17:05:30
33 verbose request id eea8305c62bc424c
34 http request PUT https://registry.npm.taobao.org/react-native-bgnativemoduleexample
35 http 403 https://registry.npm.taobao.org/react-native-bgnativemoduleexample
36 verbose headers { date: 'Thu, 20 Jul 2017 09:05:41 GMT',
36 verbose headers   'content-type': 'application/json; charset=utf-8',
36 verbose headers   'content-length': '87',
36 verbose headers   connection: 'keep-alive',
36 verbose headers   'x-current-requests': '1',
36 verbose headers   'x-readtime': '43' }
37 verbose request invalidating /Users/develop03/.npm/registry.npm.taobao.org/react-native-bgnativemoduleexample on PUT
38 error publish Failed PUT 403
39 verbose stack Error: no_perms Private mode enable, only admin can publish this module: react-native-bgnativemoduleexample
39 verbose stack     at makeError (/usr/local/lib/node_modules/npm/node_modules/npm-registry-client/lib/request.js:264:12)
39 verbose stack     at CachingRegistryClient.<anonymous> (/usr/local/lib/node_modules/npm/node_modules/npm-registry-client/lib/request.js:252:14)
39 verbose stack     at Request._callback (/usr/local/lib/node_modules/npm/node_modules/npm-registry-client/lib/request.js:172:14)
39 verbose stack     at Request.self.callback (/usr/local/lib/node_modules/npm/node_modules/request/request.js:199:22)
39 verbose stack     at emitTwo (events.js:100:13)
39 verbose stack     at Request.emit (events.js:185:7)
39 verbose stack     at Request.<anonymous> (/usr/local/lib/node_modules/npm/node_modules/request/request.js:1036:10)
39 verbose stack     at emitOne (events.js:95:20)
39 verbose stack     at Request.emit (events.js:182:7)
39 verbose stack     at IncomingMessage.<anonymous> (/usr/local/lib/node_modules/npm/node_modules/request/request.js:963:12)
40 verbose statusCode 403
41 verbose pkgid react-native-bgnativemoduleexample
42 verbose cwd /Users/develop03/Documents/RNProjects/TestProject/node_modules/react-native-BGNativeModuleExample
43 error Darwin 15.6.0
44 error argv "/usr/local/Cellar/node/5.10.1/bin/node" "/usr/local/bin/npm" "publish"
45 error node v5.10.1
46 error npm  v3.8.3
47 error code E403
48 error no_perms Private mode enable, only admin can publish this module: react-native-bgnativemoduleexample
49 error If you need help, you may report this error at:
49 error     <https://github.com/npm/npm/issues>
50 verbose exit [ 1, true ]
